timestamp: 2015-04-09T14:11:40.712234
CREATE TABLE auth_user(
    id INTEGER PRIMARY KEY AUTOINCREMENT,
    first_name CHAR(128),
    last_name CHAR(128),
    email CHAR(512),
    password CHAR(512),
    registration_key CHAR(512),
    reset_password_key CHAR(512),
    registration_id CHAR(512)
);
success!
timestamp: 2015-04-09T14:11:41.015230
CREATE TABLE auth_group(
    id INTEGER PRIMARY KEY AUTOINCREMENT,
    role CHAR(512),
    description TEXT
);
success!
timestamp: 2015-04-09T14:11:41.140648
CREATE TABLE auth_membership(
    id INTEGER PRIMARY KEY AUTOINCREMENT,
    user_id INTEGER REFERENCES auth_user (id) ON DELETE CASCADE,
    group_id INTEGER REFERENCES auth_group (id) ON DELETE CASCADE
);
success!
timestamp: 2015-04-09T14:11:41.240451
CREATE TABLE auth_permission(
    id INTEGER PRIMARY KEY AUTOINCREMENT,
    group_id INTEGER REFERENCES auth_group (id) ON DELETE CASCADE,
    name CHAR(512),
    table_name CHAR(512),
    record_id INTEGER
);
success!
timestamp: 2015-04-09T14:11:41.340542
CREATE TABLE auth_event(
    id INTEGER PRIMARY KEY AUTOINCREMENT,
    time_stamp TIMESTAMP,
    client_ip CHAR(512),
    user_id INTEGER REFERENCES auth_user (id) ON DELETE CASCADE,
    origin CHAR(512),
    description TEXT
);
success!
timestamp: 2015-04-09T14:11:41.457233
CREATE TABLE auth_cas(
    id INTEGER PRIMARY KEY AUTOINCREMENT,
    user_id INTEGER REFERENCES auth_user (id) ON DELETE CASCADE,
    created_on TIMESTAMP,
    service CHAR(512),
    ticket CHAR(512),
    renew CHAR(1)
);
success!
timestamp: 2015-04-10T14:28:42.293602
CREATE TABLE chat(
    id SERIAL PRIMARY KEY,
    nome VARCHAR(512),
    mensagem VARCHAR(512),
    id_user INTEGER
);
success!
timestamp: 2015-04-10T14:28:42.425680
CREATE TABLE auth_user(
    id SERIAL PRIMARY KEY,
    first_name VARCHAR(128),
    last_name VARCHAR(128),
    email VARCHAR(512),
    password VARCHAR(512),
    registration_key VARCHAR(512),
    reset_password_key VARCHAR(512),
    registration_id VARCHAR(512),
    is_active CHAR(1),
    created_on TIMESTAMP,
    created_by INTEGER REFERENCES auth_user (id) ON DELETE CASCADE,
    modified_on TIMESTAMP,
    modified_by INTEGER REFERENCES auth_user (id) ON DELETE CASCADE
);
success!
timestamp: 2015-04-10T14:28:42.551316
CREATE TABLE auth_group(
    id SERIAL PRIMARY KEY,
    role VARCHAR(512),
    description TEXT,
    is_active CHAR(1),
    created_on TIMESTAMP,
    created_by INTEGER REFERENCES auth_user (id) ON DELETE CASCADE,
    modified_on TIMESTAMP,
    modified_by INTEGER REFERENCES auth_user (id) ON DELETE CASCADE
);
success!
timestamp: 2015-04-10T14:28:42.666966
CREATE TABLE auth_membership(
    id SERIAL PRIMARY KEY,
    user_id INTEGER REFERENCES auth_user (id) ON DELETE CASCADE,
    group_id INTEGER REFERENCES auth_group (id) ON DELETE CASCADE,
    is_active CHAR(1),
    created_on TIMESTAMP,
    created_by INTEGER REFERENCES auth_user (id) ON DELETE CASCADE,
    modified_on TIMESTAMP,
    modified_by INTEGER REFERENCES auth_user (id) ON DELETE CASCADE
);
success!
timestamp: 2015-04-10T14:28:42.733941
CREATE TABLE auth_permission(
    id SERIAL PRIMARY KEY,
    group_id INTEGER REFERENCES auth_group (id) ON DELETE CASCADE,
    name VARCHAR(512),
    table_name VARCHAR(512),
    record_id INTEGER,
    is_active CHAR(1),
    created_on TIMESTAMP,
    created_by INTEGER REFERENCES auth_user (id) ON DELETE CASCADE,
    modified_on TIMESTAMP,
    modified_by INTEGER REFERENCES auth_user (id) ON DELETE CASCADE
);
success!
timestamp: 2015-04-10T14:28:42.842182
CREATE TABLE auth_event(
    id SERIAL PRIMARY KEY,
    time_stamp TIMESTAMP,
    client_ip VARCHAR(512),
    user_id INTEGER REFERENCES auth_user (id) ON DELETE CASCADE,
    origin VARCHAR(512),
    description TEXT
);
success!
timestamp: 2015-04-10T14:28:42.983898
CREATE TABLE auth_cas(
    id SERIAL PRIMARY KEY,
    user_id INTEGER REFERENCES auth_user (id) ON DELETE CASCADE,
    created_on TIMESTAMP,
    service VARCHAR(512),
    ticket VARCHAR(512),
    renew CHAR(1)
);
success!
timestamp: 2015-04-10T14:52:24.675867
CREATE TABLE ativo(
    id SERIAL PRIMARY KEY,
    nome VARCHAR(512),
    status VARCHAR(512)
);
success!
timestamp: 2015-04-10T14:55:50.168143
ALTER TABLE ativo ADD id_user INTEGER;
success!
timestamp: 2015-04-14T14:02:43.706803
CREATE TABLE mensagem(
    id SERIAL PRIMARY KEY,
    nome VARCHAR(512),
    mensagem VARCHAR(512),
    id_user INTEGER
);
success!
timestamp: 2015-04-14T14:06:07.896409
ALTER TABLE mensagem ADD tipo_mensagem INTEGER;
timestamp: 2015-04-14T14:06:07.898553
ALTER TABLE mensagem ADD data DATE;
success!
timestamp: 2015-04-14T15:33:47.357430
ALTER TABLE mensagem ADD descricao VARCHAR(512);
success!
timestamp: 2015-04-16T08:46:27.232278
CREATE TABLE amigos(
    id SERIAL PRIMARY KEY,
    nome VARCHAR(512),
    status VARCHAR(512),
    id_user INTEGER,
    id_amigo INTEGER
);
success!
timestamp: 2015-04-16T13:47:03.257381
ALTER TABLE chat ADD id_recebido INTEGER;
success!
timestamp: 2015-04-16T13:48:08.504223
ALTER TABLE chat ADD data_envio DATE;
success!
timestamp: 2015-04-17T08:38:38.458734
ALTER TABLE mensagem ADD data_envio DATE;
timestamp: 2015-04-17T08:38:38.496883
ALTER TABLE mensagem DROP COLUMN data;
timestamp: 2015-04-17T08:38:38.651461
ALTER TABLE mensagem DROP COLUMN data;
timestamp: 2015-04-17T08:40:44.947719
ALTER TABLE mensagem DROP COLUMN data_envio;
timestamp: 2015-04-17T08:40:45.536532
ALTER TABLE mensagem DROP COLUMN data_envio;
timestamp: 2015-04-17T08:41:16.327867
ALTER TABLE mensagem DROP COLUMN data;
timestamp: 2015-04-17T08:41:36.147331
ALTER TABLE mensagem DROP COLUMN data;
timestamp: 2015-04-17T08:41:36.594786
ALTER TABLE mensagem DROP COLUMN data;
timestamp: 2015-04-17T08:41:36.777111
ALTER TABLE mensagem DROP COLUMN data;
timestamp: 2015-04-17T08:41:36.919589
ALTER TABLE mensagem DROP COLUMN data;
